<?xml version="1.0" encoding="UTF-8"?>
<!-- Generated by org.testng.reporters.JUnitReportReporter -->
<testsuite skipped="0" hostname="US53EPJYMT" name="yahoo.com.Login" tests="1" failures="0" timestamp="10 Oct 2018 02:29:10 GMT" time="32.841" errors="0">
  <testcase name="login" time="32.841" classname="yahoo.com.Login"/>
</testsuite> <!-- yahoo.com.Login -->
