<?xml version="1.0" encoding="UTF-8"?>
<!-- Generated by org.testng.reporters.JUnitReportReporter -->
<testsuite skipped="0" hostname="US53EPJYMT" name="smart.Login_TestNG" tests="1" failures="0" timestamp="09 Oct 2018 10:40:11 GMT" time="0.993" errors="0">
  <testcase name="login" time="0.993" classname="smart.Login_TestNG"/>
</testsuite> <!-- smart.Login_TestNG -->
